<?xml version="1.0" encoding="UTF-8"?>
<testsuite name="ca.gbc.comp3095.orderservice.OrderServiceApplicationTests" tests="1" skipped="0" failures="0" errors="0" timestamp="2026-06-12T18:30:16.775Z" hostname="matthews-MacBook-Pro-3.local" time="4.23">
  <properties/>
  <testcase name="placeOrderTest()" classname="ca.gbc.comp3095.orderservice.OrderServiceApplicationTests" time="0.809"/>
  <system-out><![CDATA[14:30:16.832 [Test worker] INFO org.springframework.test.context.support.AnnotationConfigContextLoaderUtils -- Could not detect default configuration classes for test class [ca.gbc.comp3095.orderservice.OrderServiceApplicationTests]: OrderServiceApplicationTests does not declare any static, non-private, non-final, nested classes annotated with @Configuration.
14:30:16.882 [Test worker] INFO org.springframework.boot.test.context.SpringBootTestContextBootstrapper -- Found @SpringBootConfiguration ca.gbc.comp3095.orderservice.OrderServiceApplication for test class ca.gbc.comp3095.orderservice.OrderServiceApplicationTests
14:30:16.908 [Test worker] INFO org.springframework.test.context.support.AnnotationConfigContextLoaderUtils -- Could not detect default configuration classes for test class [ca.gbc.comp3095.orderservice.OrderServiceApplicationTests]: OrderServiceApplicationTests does not declare any static, non-private, non-final, nested classes annotated with @Configuration.
14:30:16.910 [Test worker] INFO org.springframework.boot.test.context.SpringBootTestContextBootstrapper -- Found @SpringBootConfiguration ca.gbc.comp3095.orderservice.OrderServiceApplication for test class ca.gbc.comp3095.orderservice.OrderServiceApplicationTests

  .   ____          _            __ _ _
 /\\ / ___'_ __ _ _(_)_ __  __ _ \ \ \ \
( ( )\___ | '_ | '_| | '_ \/ _` | \ \ \ \
 \\/  ___)| |_)| | | | | || (_| |  ) ) ) )
  '  |____| .__|_| |_|_| |_\__, | / / / /
 =========|_|==============|___/=/_/_/_/

 :: Spring Boot ::                (v4.0.6)

2026-06-12T14:30:17.404-04:00  INFO 36592 --- [order-service] [    Test worker] c.g.c.o.OrderServiceApplicationTests     : Starting OrderServiceApplicationTests using Java 26.0.1 with PID 36592 (started by matthewpollock in /Users/matthewpollock/Documents/comp3095_Labs/microservices-parent/order-service)
2026-06-12T14:30:17.404-04:00  INFO 36592 --- [order-service] [    Test worker] c.g.c.o.OrderServiceApplicationTests     : No active profile set, falling back to 1 default profile: "default"
2026-06-12T14:30:17.891-04:00  INFO 36592 --- [order-service] [    Test worker] .s.d.r.c.RepositoryConfigurationDelegate : Bootstrapping Spring Data JPA repositories in DEFAULT mode.
2026-06-12T14:30:17.967-04:00  INFO 36592 --- [order-service] [    Test worker] .s.d.r.c.RepositoryConfigurationDelegate : Finished Spring Data repository scanning in 67 ms. Found 1 JPA repository interface.
2026-06-12T14:30:18.208-04:00  INFO 36592 --- [order-service] [    Test worker] o.s.cloud.context.scope.GenericScope     : BeanFactory id=396866fa-0a93-3d54-a83f-bb14578740fe
2026-06-12T14:30:18.424-04:00  INFO 36592 --- [order-service] [    Test worker] o.s.boot.tomcat.TomcatWebServer          : Tomcat initialized with port 0 (http)
2026-06-12T14:30:18.432-04:00  INFO 36592 --- [order-service] [    Test worker] o.apache.catalina.core.StandardService   : Starting service [Tomcat]
2026-06-12T14:30:18.432-04:00  INFO 36592 --- [order-service] [    Test worker] o.apache.catalina.core.StandardEngine    : Starting Servlet engine: [Apache Tomcat/11.0.21]
2026-06-12T14:30:18.463-04:00  INFO 36592 --- [order-service] [    Test worker] b.w.c.s.WebApplicationContextInitializer : Root WebApplicationContext: initialization completed in 1048 ms
2026-06-12T14:30:18.799-04:00  INFO 36592 --- [order-service] [    Test worker] org.flywaydb.core.FlywayExecutor         : Database: jdbc:postgresql://localhost:61576/test?loggerLevel=OFF (PostgreSQL 18.4)
2026-06-12T14:30:18.820-04:00  INFO 36592 --- [order-service] [    Test worker] o.f.c.i.s.JdbcTableSchemaHistory         : Schema history table "public"."flyway_schema_history" does not exist yet
2026-06-12T14:30:18.822-04:00  INFO 36592 --- [order-service] [    Test worker] o.f.core.internal.command.DbValidate     : Successfully validated 1 migration (execution time 00:00.008s)
2026-06-12T14:30:18.831-04:00  INFO 36592 --- [order-service] [    Test worker] o.f.c.i.s.JdbcTableSchemaHistory         : Creating Schema History table "public"."flyway_schema_history" ...
2026-06-12T14:30:18.863-04:00  INFO 36592 --- [order-service] [    Test worker] o.f.core.internal.command.DbMigrate      : Current version of schema "public": << Empty Schema >>
2026-06-12T14:30:18.870-04:00  INFO 36592 --- [order-service] [    Test worker] o.f.core.internal.command.DbMigrate      : Migrating schema "public" to version "1 - init"
2026-06-12T14:30:18.886-04:00  INFO 36592 --- [order-service] [    Test worker] o.f.core.internal.command.DbMigrate      : Successfully applied 1 migration to schema "public", now at version v1 (execution time 00:00.008s)
2026-06-12T14:30:18.931-04:00  INFO 36592 --- [order-service] [    Test worker] org.hibernate.orm.jpa                    : HHH008540: Processing PersistenceUnitInfo [name: default]
2026-06-12T14:30:18.953-04:00  INFO 36592 --- [order-service] [    Test worker] org.hibernate.orm.core                   : HHH000001: Hibernate ORM core version 7.2.12.Final
2026-06-12T14:30:19.149-04:00  INFO 36592 --- [order-service] [    Test worker] o.s.o.j.p.SpringPersistenceUnitInfo      : No LoadTimeWeaver setup: ignoring JPA class transformer
2026-06-12T14:30:19.165-04:00  INFO 36592 --- [order-service] [    Test worker] com.zaxxer.hikari.HikariDataSource       : HikariPool-1 - Starting...
2026-06-12T14:30:19.181-04:00  INFO 36592 --- [order-service] [    Test worker] com.zaxxer.hikari.pool.HikariPool        : HikariPool-1 - Added connection org.postgresql.jdbc.PgConnection@7c87c960
2026-06-12T14:30:19.181-04:00  INFO 36592 --- [order-service] [    Test worker] com.zaxxer.hikari.HikariDataSource       : HikariPool-1 - Start completed.
2026-06-12T14:30:19.196-04:00  WARN 36592 --- [order-service] [    Test worker] org.hibernate.orm.deprecation            : HHH90000025: PostgreSQLDialect does not need to be specified explicitly using 'hibernate.dialect' (remove the property setting and it will be selected by default)
2026-06-12T14:30:19.208-04:00  INFO 36592 --- [order-service] [    Test worker] org.hibernate.orm.connections.pooling    : HHH10001005: Database info:
	Database JDBC URL [jdbc:postgresql://localhost:61576/test?loggerLevel=OFF]
	Database driver: PostgreSQL JDBC Driver
	Database dialect: PostgreSQLDialect
	Database version: 18.4
	Default catalog/schema: test/public
	Autocommit mode: undefined/unknown
	Isolation level: READ_COMMITTED [default READ_COMMITTED]
	JDBC fetch size: none
	Pool: DataSourceConnectionProvider
	Minimum pool size: undefined/unknown
	Maximum pool size: undefined/unknown
2026-06-12T14:30:19.584-04:00  INFO 36592 --- [order-service] [    Test worker] org.hibernate.orm.core                   : HHH000489: No JTA platform available (set 'hibernate.transaction.jta.platform' to enable JTA platform integration)
2026-06-12T14:30:19.587-04:00  INFO 36592 --- [order-service] [    Test worker] j.LocalContainerEntityManagerFactoryBean : Initialized JPA EntityManagerFactory for persistence unit 'default'
2026-06-12T14:30:19.621-04:00  INFO 36592 --- [order-service] [    Test worker] o.s.d.j.r.query.QueryEnhancerFactories   : Hibernate is in classpath; If applicable, HQL parser will be used.
2026-06-12T14:30:19.722-04:00  WARN 36592 --- [order-service] [    Test worker] JpaBaseConfiguration$JpaWebConfiguration : spring.jpa.open-in-view is enabled by default. Therefore, database queries may be performed during view rendering. Explicitly configure spring.jpa.open-in-view to disable this warning
2026-06-12T14:30:20.068-04:00  INFO 36592 --- [order-service] [    Test worker] o.s.b.a.e.web.EndpointLinksResolver      : Exposing 1 endpoint beneath base path '/actuator'
2026-06-12T14:30:20.109-04:00  INFO 36592 --- [order-service] [    Test worker] o.s.boot.tomcat.TomcatWebServer          : Tomcat started on port 61590 (http) with context path '/'
2026-06-12T14:30:20.133-04:00  INFO 36592 --- [order-service] [    Test worker] c.g.c.o.OrderServiceApplicationTests     : Started OrderServiceApplicationTests in 2.866 seconds (process running for 5.399)
2026-06-12T14:30:20.193-04:00  WARN 36592 --- [order-service] [    Test worker] o.s.core.events.SpringDocAppInitializer  : SpringDoc /api-docs endpoint is enabled by default. To disable it in production, set the property 'springdoc.api-docs.enabled=false'
2026-06-12T14:30:20.193-04:00  WARN 36592 --- [order-service] [    Test worker] o.s.core.events.SpringDocAppInitializer  : SpringDoc /swagger-ui endpoint is enabled by default. To disable it in production, set the property 'springdoc.swagger-ui.enabled=false'
2026-06-12T14:30:20.669-04:00 ERROR 36592 --- [order-service] [    Test worker] i.n.r.d.DnsServerAddressStreamProviders  : Unable to load io.netty.resolver.dns.macos.MacOSDnsServerAddressStreamProvider, fallback to system defaults. This may result in incorrect DNS resolutions on MacOS. Check whether you have a dependency on 'io.netty:netty-resolver-dns-native-macos'. Use DEBUG level to see the full stack: java.lang.UnsatisfiedLinkError: failed to load the required native library
2026-06-12T14:30:20.800-04:00  INFO 36592 --- [order-service] [o-auto-1-exec-1] o.a.c.c.C.[Tomcat].[localhost].[/]       : Initializing Spring DispatcherServlet 'dispatcherServlet'
2026-06-12T14:30:20.800-04:00  INFO 36592 --- [order-service] [o-auto-1-exec-1] o.s.web.servlet.DispatcherServlet        : Initializing Servlet 'dispatcherServlet'
2026-06-12T14:30:20.801-04:00  INFO 36592 --- [order-service] [o-auto-1-exec-1] o.s.web.servlet.DispatcherServlet        : Completed initialization in 1 ms
]]></system-out>
  <system-err><![CDATA[Mockito is currently self-attaching to enable the inline-mock-maker. This will no longer work in future releases of the JDK. Please add Mockito as an agent to your build as described in Mockito's documentation: https://javadoc.io/doc/org.mockito/mockito-core/latest/org.mockito/org/mockito/Mockito.html#0.3
WARNING: A Java agent has been loaded dynamically (/Users/matthewpollock/.gradle/caches/modules-2/files-2.1/net.bytebuddy/byte-buddy-agent/1.17.8/f09415827a71be7ed621c7bd02550678f28bc81c/byte-buddy-agent-1.17.8.jar)
WARNING: If a serviceability tool is in use, please run with -XX:+EnableDynamicAgentLoading to hide this warning
WARNING: If a serviceability tool is not in use, please run with -Djdk.instrument.traceUsage for more information
WARNING: Dynamic loading of agents will be disallowed by default in a future release
]]></system-err>
</testsuite>
